<?xml version="1.0" encoding="UTF-8"?>
<!-- Generated by org.testng.reporters.JUnitXMLReporter -->
<testsuite hostname="PC-AnhTranV" ignored="0" name="Default test" tests="7" failures="0" timestamp="2021-06-07T13:21:39 ICT" time="49.081" errors="0">
  <testcase name="Login_01_Empty_Email_Username" time="2.405" classname="com.wordpress.posts.Level_02_Login_BasePage_01"/>
  <testcase name="Login_02_Ivalid_Email_Username" time="2.559" classname="com.wordpress.posts.Level_02_Login_BasePage_01"/>
  <testcase name="Login_03_Username_Not_Exist" time="2.502" classname="com.wordpress.posts.Level_02_Login_BasePage_01"/>
  <testcase name="Login_04_Empty_Password" time="4.758" classname="com.wordpress.posts.Level_02_Login_BasePage_01"/>
  <testcase name="Login_05_Invalid_Password" time="4.73" classname="com.wordpress.posts.Level_02_Login_BasePage_01"/>
  <testcase name="Login_06_Incorrect_Password" time="4.707" classname="com.wordpress.posts.Level_02_Login_BasePage_01"/>
  <testcase name="Login_07_Valid_Email_Password" time="5.984" classname="com.wordpress.posts.Level_02_Login_BasePage_01"/>
</testsuite> <!-- Default test -->
