<?xml version="1.0" encoding="UTF-8"?>
<!-- Generated by org.testng.reporters.JUnitXMLReporter -->
<testsuite ignored="0" hostname="LAPTOP-0FHHM1GV" failures="0" tests="2" name="Run on firefox" time="11.563" errors="0" timestamp="23 Sep 2021 11:08:56 GMT">
  <testcase classname="com.nopcommerce.user.Level_15_Register_Login_Pattern_Object" name="User_01_Register" time="5.238"/>
  <testcase classname="com.nopcommerce.user.Level_15_Register_Login_Pattern_Object" name="User_02_Login" time="2.643"/>
</testsuite> <!-- Run on firefox -->
