<?xml version="1.0" encoding="UTF-8"?>
<!-- Generated by org.testng.reporters.JUnitXMLReporter -->
<testsuite hostname="PC-AnhTranV" ignored="0" name="Test" tests="7" failures="0" timestamp="2021-06-07T17:38:21 ICT" time="44.659" errors="0">
  <testcase name="Login_01_Empty_Email_Username" time="0.399" classname="com.wordpress.posts.Level_02_Login_BasePage_03"/>
  <testcase name="Login_02_Ivalid_Email_Username" time="2.526" classname="com.wordpress.posts.Level_02_Login_BasePage_03"/>
  <testcase name="Login_03_Username_Not_Exist" time="2.453" classname="com.wordpress.posts.Level_02_Login_BasePage_03"/>
  <testcase name="Login_04_Empty_Password" time="4.726" classname="com.wordpress.posts.Level_02_Login_BasePage_03"/>
  <testcase name="Login_05_Invalid_Password" time="4.678" classname="com.wordpress.posts.Level_02_Login_BasePage_03"/>
  <testcase name="Login_06_Incorrect_Password" time="4.686" classname="com.wordpress.posts.Level_02_Login_BasePage_03"/>
  <testcase name="Login_07_Valid_Email_Password" time="4.775" classname="com.wordpress.posts.Level_02_Login_BasePage_03"/>
</testsuite> <!-- Test -->
