<?xml version="1.0" encoding="UTF-8"?>
<!-- Generated by org.testng.reporters.JUnitXMLReporter -->
<testsuite hostname="DESKTOP-CPNL6G4" ignored="0" name="Run on Firefox" tests="2" failures="0" timestamp="05 Jul 2021 03:34:06 GMT" time="23.14" errors="0">
  <testcase name="Upload_01_One_File_One_Time" time="2.518" classname="com.jquery.table.Level_10_Upload_File"/>
  <testcase name="Upload_02_Multiple_File_One_Time" time="8.907" classname="com.jquery.table.Level_10_Upload_File"/>
</testsuite> <!-- Run on Firefox -->
