<?xml version="1.0" encoding="UTF-8"?>
<!-- Generated by org.testng.reporters.JUnitXMLReporter -->
<testsuite hostname="PC-AnhTranV" ignored="0" name="Run on EDGE CHROMIUM" tests="2" failures="0" timestamp="2021-06-10T17:03:11 ICT" time="13.773" errors="0">
  <testcase name="Login_01_Empty_Email_Username" time="2.318" classname="com.wordpress.posts.Level_04_Login_Multi_Browser"/>
  <testcase name="Login_07_Valid_Email_Password" time="5.332" classname="com.wordpress.posts.Level_04_Login_Multi_Browser"/>
</testsuite> <!-- Run on EDGE CHROMIUM -->
