<?xml version="1.0" encoding="UTF-8"?>
<!-- Generated by org.testng.reporters.JUnitXMLReporter -->
<testsuite hostname="PC-AnhTranV" ignored="0" name="Run on CHROME" tests="2" failures="0" timestamp="2021-06-10T17:02:57 ICT" time="13.34" errors="0">
  <testcase name="Login_01_Empty_Email_Username" time="2.556" classname="com.wordpress.posts.Level_04_Login_Multi_Browser"/>
  <testcase name="Login_07_Valid_Email_Password" time="5.397" classname="com.wordpress.posts.Level_04_Login_Multi_Browser"/>
</testsuite> <!-- Run on CHROME -->
