<?xml version="1.0" encoding="UTF-8"?>
<!-- Generated by org.testng.reporters.JUnitXMLReporter -->
<testsuite hostname="PC-AnhTranV" ignored="0" name="Run on FIREFOX" tests="2" failures="0" timestamp="2021-06-10T17:02:44 ICT" time="19.38" errors="0">
  <testcase name="Login_01_Empty_Email_Username" time="2.638" classname="com.wordpress.posts.Level_04_Login_Multi_Browser"/>
  <testcase name="Login_07_Valid_Email_Password" time="5.392" classname="com.wordpress.posts.Level_04_Login_Multi_Browser"/>
</testsuite> <!-- Run on FIREFOX -->
