<?xml version="1.0" encoding="UTF-8"?>
<!-- Generated by org.testng.reporters.JUnitXMLReporter -->
<testsuite hostname="DESKTOP-CPNL6G4" ignored="0" name="Run on EDGE CHROMIUM" tests="2" failures="0" timestamp="10 Jun 2021 14:13:30 GMT" time="39.429" errors="0">
  <testcase name="Login_01_Empty_Email_Username" time="2.505" classname="com.wordpress.posts.Level_04_Login_Multi_Browser"/>
  <testcase name="Login_07_Valid_Email_Password" time="10.765" classname="com.wordpress.posts.Level_04_Login_Multi_Browser"/>
</testsuite> <!-- Run on EDGE CHROMIUM -->
