<?xml version="1.0" encoding="UTF-8"?>
<!-- Generated by org.testng.reporters.JUnitXMLReporter -->
<testsuite hostname="DESKTOP-CPNL6G4" ignored="0" name="Run on FIREFOX" tests="2" failures="0" timestamp="09 Jun 2021 15:54:00 GMT" time="32.316" errors="0">
  <testcase name="Login_01_Empty_Email_Username" time="2.627" classname="com.wordpress.posts.Level_04_Login_Multi_Browser"/>
  <testcase name="Login_07_Valid_Email_Password" time="6.223" classname="com.wordpress.posts.Level_04_Login_Multi_Browser"/>
</testsuite> <!-- Run on FIREFOX -->
